<?xml version="1.0" encoding="UTF-8"?>
<!-- Generated by org.testng.reporters.JUnitXMLReporter -->
<testsuite ignored="0" hostname="DESKTOP-TIC5DM4" failures="1" tests="2" name="Surefire test" time="7.427" errors="0" timestamp="2024-07-31T11:17:21 IST">
  <testcase classname="com.qa.TestCases.Register_TestCase" name="test1" time="0.004"/>
  <testcase classname="com.qa.TestCases.Register_TestCase" name="test2" time="0.049">
    <failure type="java.lang.NullPointerException" message="Cannot invoke &amp;quot;org.openqa.selenium.SearchContext.findElement(org.openqa.selenium.By)&amp;quot; because &amp;quot;this.searchContext&amp;quot; is null">
      <![CDATA[java.lang.NullPointerException: Cannot invoke "org.openqa.selenium.SearchContext.findElement(org.openqa.selenium.By)" because "this.searchContext" is null
at org.openqa.selenium.support.pagefactory.DefaultElementLocator.findElement(DefaultElementLocator.java:70)
at org.openqa.selenium.support.pagefactory.internal.LocatingElementHandler.invoke(LocatingElementHandler.java:39)
at jdk.proxy2/jdk.proxy2.$Proxy13.click(Unknown Source)
at com.qa.Pages.RegistrationPage.registerUser(RegistrationPage.java:35)
at com.qa.TestCases.Register_TestCase.test2(Register_TestCase.java:18)
at java.base/java.util.ArrayList.forEach(ArrayList.java:1511)
... Removed 32 stack frames]]>
    </failure>
  </testcase> <!-- test2 -->
</testsuite> <!-- Surefire test -->
