<?xml version="1.0" encoding="UTF-8"?>
<testng-results ignored="0" total="2" passed="2" failed="0" skipped="0">
  <reporter-output>
  </reporter-output>
  <suite started-at="2024-08-07T17:51:43 IST" name="Default suite" finished-at="2024-08-07T17:51:49 IST" duration-ms="6701">
    <groups>
    </groups>
    <test started-at="2024-08-07T17:51:43 IST" name="Default test" finished-at="2024-08-07T17:51:49 IST" duration-ms="6701">
      <class name="com.qa.TestCases.TC_LINKTEST_001">
        <test-method is-config="true" signature="setUp()[pri:0, instance:com.qa.TestCases.TC_LINKTEST_001@4e08711f]" started-at="2024-08-07T17:51:43 IST" name="setUp" finished-at="2024-08-07T17:51:46 IST" duration-ms="3053" status="PASS">
          <reporter-output>
          </reporter-output>
        </test-method> <!-- setUp -->
        <test-method signature="linkTest()[pri:0, instance:com.qa.TestCases.TC_LINKTEST_001@4e08711f]" started-at="2024-08-07T17:51:46 IST" name="linkTest" finished-at="2024-08-07T17:51:49 IST" duration-ms="3510" status="PASS">
          <reporter-output>
          </reporter-output>
        </test-method> <!-- linkTest -->
        <test-method signature="test2()[pri:0, instance:com.qa.TestCases.TC_LINKTEST_001@4e08711f]" started-at="2024-08-07T17:51:49 IST" name="test2" finished-at="2024-08-07T17:51:49 IST" duration-ms="46" status="PASS">
          <reporter-output>
          </reporter-output>
        </test-method> <!-- test2 -->
      </class> <!-- com.qa.TestCases.TC_LINKTEST_001 -->
    </test> <!-- Default test -->
  </suite> <!-- Default suite -->
</testng-results>
